CONSOLIDATE: Match found! VN: '(Thành lập tại Việt Nam)' -> EN: '(Incorporated in Vietnam)'
CONSOLIDATE: Match found! VN: 'Mã số thuế: 3703209378' -> EN: 'Tax code: 3703209378'
CONSOLIDATE: Match found! VN: 'BÁO CÁO TÀI CHÍNH ĐÃ ĐƯỢC KIỂM TOÁN' -> EN: 'AUDITED FINANCIAL STATEMENTS'
CONSOLIDATE: Match found! VN: 'NỘI DUNG' -> EN: 'CONTENTS'
CONSOLIDATE: Match found! VN: 'TRANG' -> EN: 'PAGE(S)'
INFO: Processing container as protected (Signature/Mẫu số). Para count: 1
CONSOLIDATE: Match found! VN: 'BÁO CÁO KIỂM TOÁN ĐỘC LẬP' -> EN: 'INDEPENDENT AUDITORS’ REPORT'
CONSOLIDATE: Match found! VN: 'BẢNG CÂN ĐỐI KẾ TOÁN' -> EN: 'BALANCE SHEET'
CONSOLIDATE: Match found! VN: 'BÁO CÁO KẾT QUẢ HOẠT ĐỘNG KINH DOANH' -> EN: 'INCOME STATEMENT'
CONSOLIDATE: Match found! VN: 'BÁO CÁO LƯU CHUYỂN TIỀN TỆ' -> EN: 'CASH FLOW STATEMENT'
CONSOLIDATE: Match found! VN: 'BẢN THUYẾT MINH BÁO CÁO TÀI CHÍNH' -> EN: 'NOTES TO THE FINANCIAL STATEMENTS'
INFO: Processing container as protected (Signature/Mẫu số). Para count: 1
CONSOLIDATE: Match found! VN: 'Ngày 20 tháng 03 năm 2026' -> EN: 'Date 20 months 03 năm 2026'
INFO: Processing container as protected (Signature/Mẫu số). Para count: 6
INFO: Processing container as protected (Signature/Mẫu số). Para count: 4
CONSOLIDATE: Match found! VN: 'TÀI SẢN' -> EN: 'ASSETS'
CONSOLIDATE: Match found! VN: 'Mã số' -> EN: 'Code'
CONSOLIDATE: Match found! VN: 'Thuyết minh' -> EN: 'Notes'
CONSOLIDATE: Match found! VN: 'TÀI SẢN NGẮN HẠN' -> EN: 'CURRENT ASSETS'
CONSOLIDATE: Match found! VN: 'Tiền và các khoản tương đương tiền' -> EN: 'Cash and cash equivalents'
CONSOLIDATE: Match found! VN: 'Tiền' -> EN: 'Cash'
CONSOLIDATE: Match found! VN: 'Các khoản phải thu ngắn hạn' -> EN: 'Short-term accounts receivable'
CONSOLIDATE: Match found! VN: 'Phải thu ngắn hạn của khách hàng' -> EN: 'Short-term trade accounts receivable'
CONSOLIDATE: Match found! VN: 'Trả trước cho người bán ngắn hạn' -> EN: 'Short-term advances to suppliers'
CONSOLIDATE: Match found! VN: 'Phải thu ngắn hạn khác' -> EN: 'Other short-term receivables'
CONSOLIDATE: Match found! VN: 'Hàng tồn kho' -> EN: 'Inventories-chọn-Inventory'
CONSOLIDATE: Match found! VN: 'Hàng tồn kho' -> EN: 'Inventories-chọn-Inventory'
CONSOLIDATE: Match found! VN: 'Dự phòng giảm giá hàng tồn kho' -> EN: 'Provision for devaluation of inventory'
CONSOLIDATE: Match found! VN: 'Tài sản ngắn hạn khác' -> EN: 'Other current assets'
CONSOLIDATE: Match found! VN: 'Chi phí trả trước ngắn hạn' -> EN: 'Short-term prepaid expenses'
CONSOLIDATE: Match found! VN: 'Thuế giá trị gia tăng được khấu trừ' -> EN: 'Value-added tax deductible'
CONSOLIDATE: Match found! VN: 'Thuế và các khoản khác phải thu Nhà nước' -> EN: 'Taxes and amounts receivable from State budget'
CONSOLIDATE: Match found! VN: 'TÀI SẢN DÀI HẠN' -> EN: 'NON-CURRENT ASSETS'
CONSOLIDATE: Match found! VN: 'Các khoản phải thu dài hạn' -> EN: 'Long-term receivables'
CONSOLIDATE: Match found! VN: 'Phải thu dài hạn khác' -> EN: 'Other long-term receivables'
CONSOLIDATE: Match found! VN: 'Tài sản cố định' -> EN: 'Fixed assets'
CONSOLIDATE: Match found! VN: 'Tài sản cố định hữu hình' -> EN: 'Tangible fixed assets'
CONSOLIDATE: Match found! VN: '- Nguyên giá' -> EN: '- Cost'
CONSOLIDATE: Match found! VN: '- Giá trị hao mòn luỹ kế' -> EN: '- Accumulated depreciation-chọn-Accumulated amorti'
CONSOLIDATE: Match found! VN: 'Tài sản cố định vô hình' -> EN: 'Intangible fixed assets'
CONSOLIDATE: Match found! VN: '- Nguyên giá' -> EN: '- Cost'
CONSOLIDATE: Match found! VN: '- Giá trị hao mòn luỹ kế' -> EN: '- Accumulated depreciation-chọn-Accumulated amorti'
CONSOLIDATE: Match found! VN: 'Tài sản dở dang dài hạn' -> EN: 'Long-term unfinished assets'
CONSOLIDATE: Match found! VN: 'Chi phí xây dựng cơ bản dở dang' -> EN: 'Construction in progress'
CONSOLIDATE: Match found! VN: 'Tài sản dài hạn khác' -> EN: 'Other non-current assets'
CONSOLIDATE: Match found! VN: 'Chi phí trả trước dài hạn' -> EN: 'Long-term prepaid expenses'
CONSOLIDATE: Match found! VN: 'TỔNG CỘNG TÀI SẢN' -> EN: 'TOTAL ASSETS'
CONSOLIDATE: Match found! VN: 'NGUỒN VỐN' -> EN: 'RESOURCES'
CONSOLIDATE: Match found! VN: 'Mã số' -> EN: 'Code'
CONSOLIDATE: Match found! VN: 'Thuyết minh' -> EN: 'Notes'
CONSOLIDATE: Match found! VN: 'NỢ PHẢI TRẢ' -> EN: 'LIABILITIES'
CONSOLIDATE: Match found! VN: 'Nợ ngắn hạn' -> EN: 'Short-term liabilities'
CONSOLIDATE: Match found! VN: 'Phải trả người bán ngắn hạn' -> EN: 'Short-term trade accounts payable'
CONSOLIDATE: Match found! VN: 'Thuế và các khoản phải nộp Nhà nước' -> EN: 'Taxes and amounts payable to State budget'
CONSOLIDATE: Match found! VN: 'Phải trả người lao động' -> EN: 'Payable to employees'
CONSOLIDATE: Match found! VN: 'Chi phí phải trả ngắn hạn' -> EN: 'Short-term accrued expenses'
CONSOLIDATE: Match found! VN: 'Phải trả ngắn hạn khác' -> EN: 'Other short-term payables'
CONSOLIDATE: Match found! VN: 'Vay và nợ thuê tài chính ngắn hạn' -> EN: 'Short-term borrowings and finance lease obligation'
CONSOLIDATE: Match found! VN: 'Nợ dài hạn' -> EN: 'Long-term liabilities'
CONSOLIDATE: Match found! VN: 'Vay và nợ thuê tài chính dài hạn' -> EN: 'Long-term borrowings and finance lease obligations'
CONSOLIDATE: Match found! VN: 'VỐN CHỦ SỞ HỮU' -> EN: 'OWNER’S EQUITY'
CONSOLIDATE: Match found! VN: 'Vốn chủ sở hữu' -> EN: 'Owner’s capital'
CONSOLIDATE: Match found! VN: 'Vốn góp của chủ sở hữu' -> EN: 'Owner’s capital'
CONSOLIDATE: Match found! VN: 'Lợi nhuận sau thuế chưa phân phối' -> EN: 'Retained earnings'
CONSOLIDATE: Match found! VN: '-Lợi nhuận sau thuế chưa phân phối lũy kế đến cuối' -> EN: '-Retained earnings brought forward'
CONSOLIDATE: Match found! VN: '-Lợi nhuận sau thuế chưa phân phối kỳ này' -> EN: '-Retained earnings in current year'
CONSOLIDATE: Match found! VN: 'TỔNG CỘNG NGUỒN VỐN' -> EN: 'TOTAL RESOURCES'
INFO: Processing container as protected (Signature/Mẫu số). Para count: 1
CONSOLIDATE: Match found! VN: 'Người lập biểu kiêm kế toán trưởng' -> EN: 'In charge of report cum Chief Accountant'
CONSOLIDATE: Match found! VN: 'Ngày 20 tháng 03 năm 2026' -> EN: 'Date 20 months 03 năm 2026'
CONSOLIDATE: Match found! VN: 'CHỈ TIÊU' -> EN: 'ITEMS'
CONSOLIDATE: Match found! VN: 'Mã số' -> EN: 'Code'
CONSOLIDATE: Match found! VN: 'Thuyết minh' -> EN: 'Notes'
CONSOLIDATE: Match found! VN: '1. Doanh thu bán hàng và cung cấp dịch vụ' -> EN: '1. Gross sales '
CONSOLIDATE: Match found! VN: '2. Các khoản giảm trừ doanh thu' -> EN: '2. Sales deductions'
CONSOLIDATE: Match found! VN: '3. Doanh thu thuần về bán hàng và cung cấp dịch vụ' -> EN: '3. Net sales'
CONSOLIDATE: Match found! VN: '4. Giá vốn hàng bán' -> EN: '4. Cost of sales'
CONSOLIDATE: Match found! VN: '5. Lợi nhuận gộp về bán hàng và cung cấp dịch vụ' -> EN: '5. Gross profit'
CONSOLIDATE: Match found! VN: '6. Doanh thu hoạt động tài chính' -> EN: '6. Financial income'
CONSOLIDATE: Match found! VN: '7. Chi phí tài chính' -> EN: '7. Financial expenses'
CONSOLIDATE: Match found! VN: 'Trong đó: Chi phí lãi vay' -> EN: 'In which: Interest expenses'
CONSOLIDATE: Match found! VN: '8. Chi phí bán hàng' -> EN: '8. Selling expenses'
CONSOLIDATE: Match found! VN: '9. Chi phí quản lý doanh nghiệp' -> EN: '9. General and administration expenses'
CONSOLIDATE: Match found! VN: '10. Lợi nhuận thuần từ hoạt động kinh doanh' -> EN: '10. Profit from operating activities'
CONSOLIDATE: Match found! VN: '11. Thu nhập khác' -> EN: '11. Other income'
CONSOLIDATE: Match found! VN: '12. Chi phí khác' -> EN: '12. Other expenses'
CONSOLIDATE: Match found! VN: '13. Lợi nhuận khác' -> EN: '13. Profit from other activities'
CONSOLIDATE: Match found! VN: '14. Tổng lợi nhuận kế toán trước thuế' -> EN: '14. Net profit before tax'
CONSOLIDATE: Match found! VN: '15. Chi phí thuế thu nhập doanh nghiệp hiện hành' -> EN: '15. Current corporate income tax expense'
CONSOLIDATE: Match found! VN: '16. Chi phí thuế thu nhập doanh nghiệp hoãn lại' -> EN: '16. Deferred corporate income tax expense'
CONSOLIDATE: Match found! VN: '17. Lợi nhuận sau thuế thu nhập doanh nghiệp' -> EN: '17. Net profit after tax'
INFO: Processing container as protected (Signature/Mẫu số). Para count: 1
CONSOLIDATE: Match found! VN: 'Người lập biểu kiêm kế toán trưởng' -> EN: 'In charge of report cum Chief Accountant'
CONSOLIDATE: Match found! VN: 'Ngày 20 tháng 03 năm 2026' -> EN: 'Date 20 months 03 năm 2026'
CONSOLIDATE: Match found! VN: 'CHỈ TIÊU' -> EN: 'ITEMS'
CONSOLIDATE: Match found! VN: 'Mã số' -> EN: 'Code'
CONSOLIDATE: Match found! VN: 'Thuyết minh' -> EN: 'Notes'
CONSOLIDATE: Match found! VN: 'I. Lưu chuyển tiền từ hoạt động kinh doanh' -> EN: 'I. Cash flows from operating activities'
CONSOLIDATE: Match found! VN: 'Lợi nhuận trước thuế' -> EN: 'Profit before tax'
CONSOLIDATE: Match found! VN: 'Điều chỉnh cho các khoản:' -> EN: 'Adjustments for:'
CONSOLIDATE: Match found! VN: 'Khấu hao tài sản cố định' -> EN: 'Depreciation and amortisation'
CONSOLIDATE: Match found! VN: 'Các khoản dự phòng' -> EN: 'Provisions'
CONSOLIDATE: Match found! VN: 'Lãi, lỗ chênh lệch tỷ giá hối đoái do đánh giá lại' -> EN: 'Profits, losses of exchange rate differences from '
CONSOLIDATE: Match found! VN: 'Lãi, lỗ từ hoạt động đầu tư' -> EN: 'Profit, loss from investing activities'
CONSOLIDATE: Match found! VN: 'Chi phí lãi vay' -> EN: 'Interest expenses'
CONSOLIDATE: Match found! VN: 'Lợi nhuận từ hoạt động kinh doanh trước những thay' -> EN: 'Operating profit before changes in working capital'
CONSOLIDATE: Match found! VN: 'Tăng, giảm các khoản phải thu' -> EN: 'Increase, decrease in accounts receivable'
CONSOLIDATE: Match found! VN: 'Tăng, giảm hàng tồn kho' -> EN: 'Increase, decrease in inventories'
CONSOLIDATE: Match found! VN: 'Tăng, giảm các khoản phải trả' -> EN: 'Increase, decrease in accounts payable'
CONSOLIDATE: Match found! VN: 'Tăng, giảm chi phí trả trước' -> EN: 'Increase, decrease in prepaid expenses'
CONSOLIDATE: Match found! VN: 'Tiền lãi vay đã trả' -> EN: 'Interests paid'
CONSOLIDATE: Match found! VN: 'Lưu chuyển tiền thuần từ hoạt động kinh doanh' -> EN: 'Net cash from, used in operating activities'
CONSOLIDATE: Match found! VN: 'II. Lưu chuyển tiền từ hoạt động đầu tư' -> EN: 'II. Cash flows from investing activities'
CONSOLIDATE: Match found! VN: 'Tiền chi để mua sắm, xây dựng tài sản cố định và c' -> EN: 'Additions to fixed assets and other non-current as'
CONSOLIDATE: Match found! VN: 'Tiền thu lãi cho vay, cổ tức và lợi nhuận được chi' -> EN: 'Receipts of interest, dividends'
CONSOLIDATE: Match found! VN: 'Lưu chuyển tiền thuần từ hoạt động đầu tư' -> EN: 'Net cash from, used in investing activities'
CONSOLIDATE: Match found! VN: 'III. Lưu chuyển tiền từ hoạt động tài chính' -> EN: 'III. Cash flows from financing activities'
CONSOLIDATE: Match found! VN: 'Tiền thu từ phát hành cổ phần, nhận vốn góp của ch' -> EN: 'Proceeds from issuance of shares and capital contr'
CONSOLIDATE: Match found! VN: 'Tiền thu từ đi vay' -> EN: 'Proceeds from borrowings'
CONSOLIDATE: Match found! VN: 'Tiền chi trả nợ gốc vay' -> EN: 'Payments to settle debts (principal)'
CONSOLIDATE: Match found! VN: 'Lưu chuyển tiền thuần từ hoạt động tài chính' -> EN: 'Net cash from, used in financing activities'
CONSOLIDATE: Match found! VN: 'Lưu chuyển tiền thuần trong kỳ' -> EN: 'Net increase, decrease in cash and cash equivalent'
CONSOLIDATE: Match found! VN: 'Tiền và tương đương tiền đầu kỳ' -> EN: 'Cash and cash equivalents at the beginning of the '
CONSOLIDATE: Match found! VN: 'Ảnh hưởng của thay đổi tỷ giá hối đoái quy đổi ngo' -> EN: 'Impacts of exchange rate fluctuations'
CONSOLIDATE: Match found! VN: 'Tiền và tương đương tiền cuối kỳ' -> EN: 'Cash and cash equivalents at the end of the year'
INFO: Processing container as protected (Signature/Mẫu số). Para count: 1
CONSOLIDATE: Match found! VN: 'Người lập biểu kiêm kế toán trưởng' -> EN: 'In charge of report cum Chief Accountant'
CONSOLIDATE: Match found! VN: 'Ngày 20 tháng 03 năm 2026' -> EN: 'Date 20 months 03 năm 2026'
CONSOLIDATE: Match found! VN: 'Số năm khấu hao' -> EN: 'Years'
CONSOLIDATE: Match found! VN: 'Máy móc, thiết bị' -> EN: 'Machinery, equipment'
CONSOLIDATE: Match found! VN: 'Phương tiện vận tải, truyền dẫn' -> EN: 'Means of transport and transmission'
CONSOLIDATE: Match found! VN: 'Thiết bị văn phòng' -> EN: 'Office tools and supplies'
CONSOLIDATE: Match found! VN: 'Tài sản cố định hữu hình khác' -> EN: 'Others'
CONSOLIDATE: Match found! VN: 'VND' -> EN: 'VND'
CONSOLIDATE: Match found! VN: 'VND' -> EN: 'VND'
CONSOLIDATE: Match found! VN: 'Tiền mặt' -> EN: 'Cash on hand'
CONSOLIDATE: Match found! VN: 'Tiền gửi ngân hàng' -> EN: 'Cash in bank'
CONSOLIDATE: Match found! VN: 'Tổng cộng' -> EN: 'Total'
CONSOLIDATE: Match found! VN: 'VND' -> EN: 'VND'
CONSOLIDATE: Match found! VN: 'VND' -> EN: 'VND'
CONSOLIDATE: Match found! VN: 'Bên thứ ba' -> EN: 'Third parties'
CONSOLIDATE: Match found! VN: 'Khác' -> EN: 'Others'
CONSOLIDATE: Match found! VN: 'Tổng cộng' -> EN: 'Total'
CONSOLIDATE: Match found! VN: 'VND' -> EN: 'VND'
CONSOLIDATE: Match found! VN: 'VND' -> EN: 'VND'
CONSOLIDATE: Match found! VN: 'Bên thứ ba' -> EN: 'Third parties'
CONSOLIDATE: Match found! VN: 'Khác' -> EN: 'Others'
CONSOLIDATE: Match found! VN: 'Tổng cộng' -> EN: 'Total'
CONSOLIDATE: Match found! VN: 'VND' -> EN: 'VND'
CONSOLIDATE: Match found! VN: 'VND' -> EN: 'VND'
CONSOLIDATE: Match found! VN: 'Ngắn hạn' -> EN: 'Short term'
CONSOLIDATE: Match found! VN: 'Thuế giá trị gia tăng chưa kê khai' -> EN: 'Undeclared value-added tax'
CONSOLIDATE: Match found! VN: 'Đặt cọc thuê nhà' -> EN: 'Deposit for house lease'
CONSOLIDATE: Match found! VN: 'Tiền lãi dự thu khoản ký quỹ bảo lãnh cho hợp đồng' -> EN: 'Interests dự thu khoản ký quỹ bảo lãnh cho hợp đồn'
CONSOLIDATE: Match found! VN: 'Phải thu khác' -> EN: 'Other receivables'
CONSOLIDATE: Match found! VN: 'Dài hạn' -> EN: 'Long term'
CONSOLIDATE: Match found! VN: 'Đặt cọc thuê nhà' -> EN: 'Deposit for house lease'
CONSOLIDATE: Match found! VN: 'Các khoản ký quỹ bảo lãnh cho hợp đồng tiền điện' -> EN: 'Deposits bảo lãnh cho hợp đồng tiền điện'
CONSOLIDATE: Match found! VN: 'Đặt cọc thuê nhà xưởng' -> EN: 'Deposit for factory lease'
CONSOLIDATE: Match found! VN: 'Tổng cộng' -> EN: 'Total'
CONSOLIDATE: Match found! VN: 'Ngắn hạn' -> EN: 'Short term'
CONSOLIDATE: Match found! VN: 'Dài hạn' -> EN: 'Long term'
CONSOLIDATE: Match found! VN: 'Tổng cộng' -> EN: 'Total'
CONSOLIDATE: Match found! VN: 'VND' -> EN: 'VND'
CONSOLIDATE: Match found! VN: 'VND' -> EN: 'VND'
CONSOLIDATE: Match found! VN: 'Nguyên liệu, vật liệu' -> EN: 'Raw materials'
CONSOLIDATE: Match found! VN: 'Chi phí sản xuất kinh doanh dở dang' -> EN: 'Work in progress'
CONSOLIDATE: Match found! VN: 'Dự phòng giảm giá hàng tồn kho' -> EN: 'Provision for devaluation of inventory'
CONSOLIDATE: Match found! VN: 'Giá trị thuần' -> EN: 'Net value'
CONSOLIDATE: Match found! VN: 'VND' -> EN: 'VND'
CONSOLIDATE: Match found! VN: 'VND' -> EN: 'VND'
CONSOLIDATE: Match found! VN: 'Số đầu năm' -> EN: 'Opening balance'
CONSOLIDATE: Match found! VN: 'Dự phòng trích' -> EN: 'Accruals'
CONSOLIDATE: Match found! VN: 'Hoàn nhập' -> EN: 'Reversal'
CONSOLIDATE: Match found! VN: 'Số cuối năm' -> EN: 'Closing balance'
CONSOLIDATE: Match found! VN: 'VND' -> EN: 'VND'
CONSOLIDATE: Match found! VN: 'VND' -> EN: 'VND'
CONSOLIDATE: Match found! VN: 'Số đầu năm' -> EN: 'Opening balance'
CONSOLIDATE: Match found! VN: 'Phát sinh tăng' -> EN: 'Additions'
CONSOLIDATE: Match found! VN: 'Đã phân bổ' -> EN: 'Allocation'
CONSOLIDATE: Match found! VN: 'Số cuối năm' -> EN: 'Closing balance'
CONSOLIDATE: Match found! VN: 'VND' -> EN: 'VND'
CONSOLIDATE: Match found! VN: 'VND' -> EN: 'VND'
CONSOLIDATE: Match found! VN: 'Thuế giá trị gia tăng được khấu trừ' -> EN: 'Value-added tax deductible'
CONSOLIDATE: Match found! VN: 'Tổng cộng' -> EN: 'Total'
CONSOLIDATE: Match found! VN: 'Máy móc, thiết bị' -> EN: 'Machinery, equipment'
CONSOLIDATE: Match found! VN: 'Phương tiện vận tải, truyền dẫn' -> EN: 'Means of transport and transmission'
CONSOLIDATE: Match found! VN: 'Thiết bị văn phòng' -> EN: 'Office tools and supplies'
CONSOLIDATE: Match found! VN: 'Tài sản cố định hữu hình khác' -> EN: 'Others'
CONSOLIDATE: Match found! VN: 'Tổng cộng' -> EN: 'Total'
CONSOLIDATE: Match found! VN: 'VND' -> EN: 'VND'
CONSOLIDATE: Match found! VN: 'VND' -> EN: 'VND'
CONSOLIDATE: Match found! VN: 'VND' -> EN: 'VND'
CONSOLIDATE: Match found! VN: 'VND' -> EN: 'VND'
CONSOLIDATE: Match found! VN: 'VND' -> EN: 'VND'
CONSOLIDATE: Match found! VN: 'Nguyên giá' -> EN: 'Cost'
CONSOLIDATE: Match found! VN: 'Số đầu năm' -> EN: 'Opening balance'
CONSOLIDATE: Match found! VN: 'Tăng trong năm' -> EN: 'Additions-chọn-Charge for the year'
CONSOLIDATE: Match found! VN: 'Số cuối năm' -> EN: 'Closing balance'
CONSOLIDATE: Match found! VN: 'Giá trị hao mòn' -> EN: 'Depreciation'
CONSOLIDATE: Match found! VN: 'Số đầu năm' -> EN: 'Opening balance'
CONSOLIDATE: Match found! VN: 'Tăng trong năm' -> EN: 'Additions-chọn-Charge for the year'
CONSOLIDATE: Match found! VN: 'Số cuối năm' -> EN: 'Closing balance'
CONSOLIDATE: Match found! VN: 'Giá trị còn lại' -> EN: 'Carrying amount'
CONSOLIDATE: Match found! VN: 'Số đầu năm' -> EN: 'Opening balance'
CONSOLIDATE: Match found! VN: 'Số cuối năm' -> EN: 'Closing balance'
CONSOLIDATE: Match found! VN: 'Chương trình phần mềm' -> EN: 'Software program'
CONSOLIDATE: Match found! VN: 'Tổng cộng' -> EN: 'Total'
CONSOLIDATE: Match found! VN: 'VND' -> EN: 'VND'
CONSOLIDATE: Match found! VN: 'VND' -> EN: 'VND'
CONSOLIDATE: Match found! VN: 'Nguyên giá' -> EN: 'Cost'
CONSOLIDATE: Match found! VN: 'Số đầu năm' -> EN: 'Opening balance'
CONSOLIDATE: Match found! VN: 'Mua trong năm' -> EN: 'Purchases'
CONSOLIDATE: Match found! VN: 'Số cuối năm' -> EN: 'Closing balance'
CONSOLIDATE: Match found! VN: 'Giá trị khấu hao' -> EN: 'Depreciation-chọn-Amortisation'
CONSOLIDATE: Match found! VN: 'Số đầu năm' -> EN: 'Opening balance'
CONSOLIDATE: Match found! VN: 'Tăng trong năm' -> EN: 'Additions-chọn-Charge for the year'
CONSOLIDATE: Match found! VN: 'Số cuối năm' -> EN: 'Closing balance'
CONSOLIDATE: Match found! VN: 'Giá trị còn lại' -> EN: 'Carrying amount'
CONSOLIDATE: Match found! VN: 'Số đầu năm' -> EN: 'Opening balance'
CONSOLIDATE: Match found! VN: 'Số cuối năm' -> EN: 'Closing balance'
CONSOLIDATE: Match found! VN: 'VND' -> EN: 'VND'
CONSOLIDATE: Match found! VN: 'VND' -> EN: 'VND'
CONSOLIDATE: Match found! VN: 'Số đầu năm' -> EN: 'Opening balance'
CONSOLIDATE: Match found! VN: 'Phát sinh tăng' -> EN: 'Additions'
CONSOLIDATE: Match found! VN: 'Phát sinh giảm' -> EN: 'Decreases'
CONSOLIDATE: Match found! VN: 'Số cuối năm' -> EN: 'Closing balance'
CONSOLIDATE: Match found! VN: 'VND' -> EN: 'VND'
CONSOLIDATE: Match found! VN: 'VND' -> EN: 'VND'
CONSOLIDATE: Match found! VN: 'Số đầu năm' -> EN: 'Opening balance'
CONSOLIDATE: Match found! VN: 'Phát sinh tăng' -> EN: 'Additions'
CONSOLIDATE: Match found! VN: 'Đã phân bổ' -> EN: 'Allocation'
CONSOLIDATE: Match found! VN: 'Số cuối năm' -> EN: 'Closing balance'
CONSOLIDATE: Match found! VN: 'VND' -> EN: 'VND'
CONSOLIDATE: Match found! VN: 'VND' -> EN: 'VND'
CONSOLIDATE: Match found! VN: 'Bên liên quan' -> EN: 'Related parties'
CONSOLIDATE: Match found! VN: 'Bên thứ ba' -> EN: 'Third parties'
CONSOLIDATE: Match found! VN: 'Khác' -> EN: 'Others'
CONSOLIDATE: Match found! VN: 'Tổng cộng' -> EN: 'Total'
CONSOLIDATE: Match found! VN: 'Số đầu năm' -> EN: 'Opening balance'
CONSOLIDATE: Match found! VN: 'Số phải nộp' -> EN: 'Payable'
CONSOLIDATE: Match found! VN: 'Số đã nộp, khấu trừ' -> EN: 'Paid, withheld'
CONSOLIDATE: Match found! VN: 'Số cuối năm' -> EN: 'Closing balance'
CONSOLIDATE: Match found! VN: 'VND' -> EN: 'VND'
CONSOLIDATE: Match found! VN: 'VND' -> EN: 'VND'
CONSOLIDATE: Match found! VN: 'VND' -> EN: 'VND'
CONSOLIDATE: Match found! VN: 'VND' -> EN: 'VND'
CONSOLIDATE: Match found! VN: 'Thuế giá trị gia tăng' -> EN: 'Value-added tax'
CONSOLIDATE: Match found! VN: 'Thuế xuất, nhập khẩu' -> EN: 'Export and import duties'
CONSOLIDATE: Match found! VN: 'Thuế thu nhập doanh nghiệp' -> EN: 'Corporate income tax'
CONSOLIDATE: Match found! VN: 'Thuế thu nhập cá nhân' -> EN: 'Personal income tax'
CONSOLIDATE: Match found! VN: 'Các loại thuế khác' -> EN: 'Other taxes'
CONSOLIDATE: Match found! VN: 'Tổng cộng' -> EN: 'Total'
CONSOLIDATE: Match found! VN: 'VND' -> EN: 'VND'
CONSOLIDATE: Match found! VN: 'VND' -> EN: 'VND'
CONSOLIDATE: Match found! VN: 'Thuế và các khoản khác phải thu Nhà nước' -> EN: 'Taxes and amounts receivable from State budget'
CONSOLIDATE: Match found! VN: 'Thuế và các khoản phải nộp Nhà nước' -> EN: 'Taxes and amounts payable to State budget'
CONSOLIDATE: Match found! VN: 'VND' -> EN: 'VND'
CONSOLIDATE: Match found! VN: 'VND' -> EN: 'VND'
CONSOLIDATE: Match found! VN: 'Chi phí lãi vay' -> EN: 'Interest expenses'
CONSOLIDATE: Match found! VN: 'Khác' -> EN: 'Others'
CONSOLIDATE: Match found! VN: 'Tổng cộng' -> EN: 'Total'
CONSOLIDATE: Match found! VN: 'VND' -> EN: 'VND'
CONSOLIDATE: Match found! VN: 'VND' -> EN: 'VND'
CONSOLIDATE: Match found! VN: 'Kinh phí công đoàn' -> EN: 'Trade union fees'
CONSOLIDATE: Match found! VN: 'Bảo hiểm xã hội' -> EN: 'Social insurance'
CONSOLIDATE: Match found! VN: 'Nhận đặt cọc, ký cược ngắn hạn' -> EN: 'Short-term mortgages and deposits'
CONSOLIDATE: Match found! VN: 'Chi phí dịch vụ tư vấn kỹ thuật SZGD và CCOP' -> EN: 'Consulting service fees kỹ thuật SZGD và CCOP'
CONSOLIDATE: Match found! VN: 'Khác' -> EN: 'Others'
CONSOLIDATE: Match found! VN: 'Tổng cộng' -> EN: 'Total'
CONSOLIDATE: Match found! VN: 'VND' -> EN: 'VND'
CONSOLIDATE: Match found! VN: 'VND' -> EN: 'VND'
CONSOLIDATE: Match found! VN: 'Vay ngắn hạn bên liên quan' -> EN: 'Short-term borrowings from related parties'
CONSOLIDATE: Match found! VN: 'Tổng cộng' -> EN: 'Total'
CONSOLIDATE: Match found! VN: 'Số hợp đồng' -> EN: 'Contract No.'
CONSOLIDATE: Match found! VN: 'Ngày hợp đồng' -> EN: 'Contract date'
CONSOLIDATE: Match found! VN: 'Thời hạn vay' -> EN: 'Borrowing term '
CONSOLIDATE: Match found! VN: 'Lãi suất' -> EN: 'Interest'
CONSOLIDATE: Match found! VN: 'Số tiền' -> EN: 'Amount'
CONSOLIDATE: Match found! VN: '(%/năm)' -> EN: '(% p.a.)'
CONSOLIDATE: Match found! VN: 'USD' -> EN: 'USD'
CONSOLIDATE: Match found! VN: 'VND' -> EN: 'VND'
CONSOLIDATE: Match found! VN: 'Tổng cộng' -> EN: 'Total'
CONSOLIDATE: Match found! VN: 'VND' -> EN: 'VND'
CONSOLIDATE: Match found! VN: 'VND' -> EN: 'VND'
CONSOLIDATE: Match found! VN: 'Vay dài hạn bên liên quan' -> EN: 'Long-term borrowings from related parties'
CONSOLIDATE: Match found! VN: 'Tổng cộng' -> EN: 'Total'
CONSOLIDATE: Match found! VN: 'Các khoản vay dài hạn này được hoàn trả như sau:' -> EN: 'The long-term borrowings are repayable as follows:'
CONSOLIDATE: Match found! VN: 'VND' -> EN: 'VND'
CONSOLIDATE: Match found! VN: 'VND' -> EN: 'VND'
CONSOLIDATE: Match found! VN: 'Trả ngay hoặc trả trong vòng một năm' -> EN: 'On demand or within one year'
CONSOLIDATE: Match found! VN: 'Từ năm thứ hai đến năm thứ năm' -> EN: 'In the second year to the fifth year inclusive'
CONSOLIDATE: Match found! VN: 'Sau năm thứ năm' -> EN: 'After the fifth year'
CONSOLIDATE: Match found! VN: 'Trừ: Khoản nợ được trả trong vòng 12 tháng' -> EN: 'Less: Amount due for settlement within 12 months'
CONSOLIDATE: Match found! VN: '(được trình bày ở mục vay và nợ ngắn hạn)' -> EN: '(shown under short-term borrowings and liabilities'
CONSOLIDATE: Match found! VN: 'Khoản nợ phải trả sau 12 tháng' -> EN: 'Amount due for settlement after 12 months'
CONSOLIDATE: Match found! VN: 'Theo giấy chứng nhận đăng ký đầu tư và giấy chứng ' -> EN: 'Per investment registration certificate and enterp'
CONSOLIDATE: Match found! VN: 'Vốn đã góp' -> EN: 'Contributed capital'
CONSOLIDATE: Match found! VN: 'USD' -> EN: 'USD'
CONSOLIDATE: Match found! VN: 'USD' -> EN: 'USD'
CONSOLIDATE: Match found! VN: 'VND' -> EN: 'VND'
CONSOLIDATE: Match found! VN: 'VND' -> EN: 'VND'
CONSOLIDATE: Match found! VN: 'Tình hình tăng giảm vốn chủ sở hữu' -> EN: 'Increases, decreases in owner’s equity'
CONSOLIDATE: Match found! VN: 'Vốn góp của chủ sở hữu' -> EN: 'Owner’s capital'
CONSOLIDATE: Match found! VN: 'Lợi nhuận sau thuế chưa phân phối' -> EN: 'Retained earnings'
CONSOLIDATE: Match found! VN: 'Tổng cộng' -> EN: 'Total'
CONSOLIDATE: Match found! VN: 'VND' -> EN: 'VND'
CONSOLIDATE: Match found! VN: 'VND' -> EN: 'VND'
CONSOLIDATE: Match found! VN: 'VND' -> EN: 'VND'
CONSOLIDATE: Match found! VN: 'Số đầu năm trước' -> EN: 'Opening balance of prior year'
CONSOLIDATE: Match found! VN: 'Góp vốn trong kỳ' -> EN: 'Capital contribution in the period'
CONSOLIDATE: Match found! VN: 'Lợi nhuận thuần trong năm trước' -> EN: 'Net profit of prior year'
CONSOLIDATE: Match found! VN: 'Số cuối năm trước, đầu năm nay' -> EN: 'Closing balance of prior year, Opening balance of '
CONSOLIDATE: Match found! VN: 'Lợi nhuận thuần trong năm' -> EN: 'Net profit earned in current year'
CONSOLIDATE: Match found! VN: 'Số cuối năm' -> EN: 'Closing balance'
CONSOLIDATE: Match found! VN: 'Ngoại tệ các loại (USD)' -> EN: 'Foreign currencies (USD)'
CONSOLIDATE: Match found! VN: 'VND' -> EN: 'VND'
CONSOLIDATE: Match found! VN: 'VND' -> EN: 'VND'
CONSOLIDATE: Match found! VN: 'Doanh thu bán thành phẩm' -> EN: 'Sales from selling finished goods'
CONSOLIDATE: Match found! VN: 'Doanh thu cung cấp dịch vụ' -> EN: 'Revenue from supplying services'
CONSOLIDATE: Match found! VN: 'Doanh thu khác' -> EN: 'Others'
CONSOLIDATE: Match found! VN: 'Tổng cộng' -> EN: 'Total'
CONSOLIDATE: Match found! VN: 'VND' -> EN: 'VND'
CONSOLIDATE: Match found! VN: 'VND' -> EN: 'VND'
CONSOLIDATE: Match found! VN: 'Giá vốn của thành phẩm đã bán và dịch vụ đã cung c' -> EN: 'Cost of finished goods sold and services supplied'
CONSOLIDATE: Match found! VN: 'Dự phòng giảm giá hàng tồn kho' -> EN: 'Provision for devaluation of inventory'
CONSOLIDATE: Match found! VN: 'Tổng cộng' -> EN: 'Total'
CONSOLIDATE: Match found! VN: 'VND' -> EN: 'VND'
CONSOLIDATE: Match found! VN: 'VND' -> EN: 'VND'
CONSOLIDATE: Match found! VN: 'Lãi tiền vay' -> EN: 'Loan interest'
CONSOLIDATE: Match found! VN: 'Lỗ chênh lệch tỷ giá phát sinh trong năm' -> EN: 'Foreign exchange loss during the year'
CONSOLIDATE: Match found! VN: 'Lỗ chênh lệch tỷ giá do đánh giá lại cuối năm' -> EN: 'Foreign exchange loss from year-end revaluation'
CONSOLIDATE: Match found! VN: 'Tổng cộng' -> EN: 'Total'
CONSOLIDATE: Match found! VN: 'VND' -> EN: 'VND'
CONSOLIDATE: Match found! VN: 'VND' -> EN: 'VND'
CONSOLIDATE: Match found! VN: 'Chi phí nhân viên' -> EN: 'Staff'
CONSOLIDATE: Match found! VN: 'Chi phí nguyên vật liệu, bao bì' -> EN: 'Materials and packing'
CONSOLIDATE: Match found! VN: 'Chi phí dụng cụ, đồ dùng' -> EN: 'Tools and supplies'
CONSOLIDATE: Match found! VN: 'Chi phí dịch vụ mua ngoài' -> EN: 'Outsourcing expenses'
CONSOLIDATE: Match found! VN: 'Chi phí bằng tiền khác' -> EN: 'Other expenses in cash'
CONSOLIDATE: Match found! VN: 'Tổng cộng' -> EN: 'Total'
CONSOLIDATE: Match found! VN: 'VND' -> EN: 'VND'
CONSOLIDATE: Match found! VN: 'VND' -> EN: 'VND'
CONSOLIDATE: Match found! VN: 'Chi phí nhân viên quản lý' -> EN: 'Management staff'
CONSOLIDATE: Match found! VN: 'Chi phí vật liệu quản lý' -> EN: 'Management materials'
CONSOLIDATE: Match found! VN: 'Chi phí đồ dùng văn phòng' -> EN: 'Office tools and supplies expenses'
CONSOLIDATE: Match found! VN: 'Chi phí khấu hao' -> EN: 'Depreciation and amortisation '
CONSOLIDATE: Match found! VN: 'Thuế, phí và lệ phí' -> EN: 'Taxes, fees and charges'
CONSOLIDATE: Match found! VN: 'Chi phí dịch vụ mua ngoài' -> EN: 'Outsourcing expenses'
CONSOLIDATE: Match found! VN: 'Chi phí bằng tiền khác' -> EN: 'Other expenses in cash'
CONSOLIDATE: Match found! VN: 'Tổng cộng' -> EN: 'Total'
CONSOLIDATE: Match found! VN: 'VND' -> EN: 'VND'
CONSOLIDATE: Match found! VN: 'VND' -> EN: 'VND'
CONSOLIDATE: Match found! VN: 'Thu nhập từ bán phế liệu' -> EN: 'Proceeds from selling scraps'
CONSOLIDATE: Match found! VN: 'Các khoản thu nhập khác' -> EN: 'Other income'
CONSOLIDATE: Match found! VN: 'Tổng cộng' -> EN: 'Total'
CONSOLIDATE: Match found! VN: 'VND' -> EN: 'VND'
CONSOLIDATE: Match found! VN: 'VND' -> EN: 'VND'
CONSOLIDATE: Match found! VN: 'Chi phí nguyên liệu, vật liệu' -> EN: 'Raw materials'
CONSOLIDATE: Match found! VN: 'Chi phí nhân công' -> EN: 'Labor'
CONSOLIDATE: Match found! VN: 'Chi phí khấu hao tài sản' -> EN: 'Depreciation and amortisation'
CONSOLIDATE: Match found! VN: 'Chi phí dịch vụ mua ngoài' -> EN: 'Outsourcing expenses'
CONSOLIDATE: Match found! VN: 'Tổng cộng' -> EN: 'Total'
CONSOLIDATE: Match found! VN: 'VND' -> EN: 'VND'
CONSOLIDATE: Match found! VN: 'VND' -> EN: 'VND'
CONSOLIDATE: Match found! VN: 'Trả ngay hoặc trả trong vòng một năm' -> EN: 'On demand or within one year'
CONSOLIDATE: Match found! VN: 'Từ năm thứ hai đến năm thứ năm' -> EN: 'In the second year to the fifth year inclusive'
CONSOLIDATE: Match found! VN: 'Sau năm thứ năm' -> EN: 'After the fifth year'
CONSOLIDATE: Match found! VN: 'Tổng cộng' -> EN: 'Total'
CONSOLIDATE: Match found! VN: 'Bên liên quan' -> EN: 'Related parties'
CONSOLIDATE: Match found! VN: 'Mối quan hệ' -> EN: 'Relationship'
CONSOLIDATE: Match found! VN: 'Chủ sở hữu' -> EN: 'Owner'
CONSOLIDATE: Match found! VN: 'Công ty chung tập đoàn' -> EN: 'Group Company'
CONSOLIDATE: Match found! VN: 'Ông Hung Yuen Man' -> EN: 'Mr. Hung Yuen Man'
INFO: Processing container as protected (Signature/Mẫu số). Para count: 1
CONSOLIDATE: Match found! VN: 'VND' -> EN: 'VND'
CONSOLIDATE: Match found! VN: 'VND' -> EN: 'VND'
CONSOLIDATE: Match found! VN: 'Mua tài sản' -> EN: 'Purchase of assets'
CONSOLIDATE: Match found! VN: 'Chi phí' -> EN: 'Expenses'
CONSOLIDATE: Match found! VN: 'Mua nguyên vật liệu' -> EN: 'Purchase of raw materials'
CONSOLIDATE: Match found! VN: 'Nhận góp vốn' -> EN: 'Receipt of capital contribution'
CONSOLIDATE: Match found! VN: 'Vay' -> EN: 'Borrowings'
CONSOLIDATE: Match found! VN: 'Trả nợ vay' -> EN: 'Repayment of borrowings'
CONSOLIDATE: Match found! VN: 'Chi phí lãi vay' -> EN: 'Interest expenses'
CONSOLIDATE: Match found! VN: 'VND' -> EN: 'VND'
CONSOLIDATE: Match found! VN: 'VND' -> EN: 'VND'
CONSOLIDATE: Match found! VN: 'Phải trả người bán' -> EN: 'Trade accounts payable'
CONSOLIDATE: Match found! VN: 'Phải trả khác' -> EN: 'Other payables'
CONSOLIDATE: Match found! VN: 'Vay ngắn hạn, dài hạn' -> EN: 'Short-term and long-term borrowings'
INFO: Processing container as protected (Signature/Mẫu số). Para count: 1
CONSOLIDATE: Match found! VN: 'Người lập biểu kiêm kế toán trưởng' -> EN: 'In charge of report cum Chief Accountant'
CONSOLIDATE: Match found! VN: 'Ngày 20 tháng 03 năm 2026' -> EN: 'Date 20 months 03 năm 2026'
